<?xml version="1.0" encoding="UTF-8"?>
<!-- Generated by org.testng.reporters.JUnitReportReporter -->
<testsuite skipped="0" hostname="DESKTOP-F9Q2IGH" name="org.covid.WebTable" tests="1" failures="0" timestamp="20 Oct 2020 17:59:32 GMT" time="4.984" errors="0">
  <testcase name="table" time="4.984" classname="org.covid.WebTable"/>
</testsuite> <!-- org.covid.WebTable -->
