<?xml version="1.0" encoding="UTF-8"?>
<!-- Generated by org.testng.reporters.JUnitReportReporter -->
<testsuite skipped="0" hostname="DESKTOP-F9Q2IGH" name="org.amazonlogin.TestCase1" tests="4" failures="0" timestamp="21 Oct 2020 16:34:33 GMT" time="14.707" errors="0">
  <testcase name="search" time="3.471" classname="org.amazonlogin.TestCase1"/>
  <testcase name="search" time="4.593" classname="org.amazonlogin.TestCase1"/>
  <testcase name="search" time="3.829" classname="org.amazonlogin.TestCase1"/>
  <testcase name="search" time="2.814" classname="org.amazonlogin.TestCase1"/>
</testsuite> <!-- org.amazonlogin.TestCase1 -->
