<?xml version="1.0" encoding="UTF-8"?>
<!-- Generated by org.testng.reporters.JUnitReportReporter -->
<testsuite skipped="0" hostname="DESKTOP-F9Q2IGH" name="org.amazonlogin.TestCase2" tests="1" failures="0" timestamp="20 Oct 2020 12:51:00 GMT" time="0.705" errors="0">
  <testcase name="duplicates" time="0.705" classname="org.amazonlogin.TestCase2"/>
</testsuite> <!-- org.amazonlogin.TestCase2 -->
